[2025-05-03 11:23:42,051] INFO [GroupCoordinator 0]: Dynamic member with unknown member id joins group dashboard_group in Stable state. Created a new member id kafka-python-2.2.1-a3e0c4f1-2898-4120-8431-9cbf77edd381 and request the member to rejoin with this id. (kafka.coordinator.group.GroupCoordinator)
[2025-05-03 11:23:42,053] INFO [GroupCoordinator 0]: Preparing to rebalance group dashboard_group in state PreparingRebalance with old generation 15 (__consumer_offsets-20) (reason: Adding new member kafka-python-2.2.1-a3e0c4f1-2898-4120-8431-9cbf77edd381 with group instance id None) (kafka.coordinator.group.GroupCoordinator)
[2025-05-03 11:23:42,058] INFO [GroupCoordinator 0]: Dynamic member with unknown member id joins group dashboard_group in PreparingRebalance state. Created a new member id kafka-python-2.2.1-c78508fe-f049-4926-a88e-42ca8d417b70 and request the member to rejoin with this id. (kafka.coordinator.group.GroupCoordinator)
[2025-05-03 11:34:12,839] INFO [GroupCoordinator 0]: Stabilized group dashboard_group generation 16 (__consumer_offsets-20) with 7 members (kafka.coordinator.group.GroupCoordinator)
[2025-05-03 11:34:12,841] INFO [GroupCoordinator 0]: Assignment received from leader kafka-python-2.2.1-59ee0745-9d42-4377-bce3-1703fb0f7e5a for group dashboard_group for generation 16. The group has 7 members, 0 of which are static. (kafka.coordinator.group.GroupCoordinator)
[2025-05-03 11:34:28,135] INFO Terminating process due to signal SIGHUP (org.apache.kafka.common.utils.LoggingSignalHandler)
[2025-05-03 11:34:28,135] INFO Terminating process due to signal SIGHUP (org.apache.kafka.common.utils.LoggingSignalHandler)
[2025-05-03 11:34:28,136] INFO [KafkaServer id=0] shutting down (kafka.server.KafkaServer)
[2025-05-03 11:34:28,136] INFO [KafkaServer id=0] Starting controlled shutdown (kafka.server.KafkaServer)
[2025-05-03 11:34:28,148] INFO [KafkaServer id=0] Controlled shutdown request returned successfully after 7ms (kafka.server.KafkaServer)
[2025-05-03 11:34:28,151] INFO [/config/changes-event-process-thread]: Shutting down (kafka.common.ZkNodeChangeNotificationListener$ChangeEventProcessThread)
[2025-05-03 11:34:28,152] INFO [/config/changes-event-process-thread]: Stopped (kafka.common.ZkNodeChangeNotificationListener$ChangeEventProcessThread)
[2025-05-03 11:34:28,152] INFO [/config/changes-event-process-thread]: Shutdown completed (kafka.common.ZkNodeChangeNotificationListener$ChangeEventProcessThread)
[2025-05-03 11:34:28,152] INFO [SocketServer listenerType=ZK_BROKER, nodeId=0] Stopping socket server request processors (kafka.network.SocketServer)
[2025-05-03 11:34:28,155] INFO [SocketServer listenerType=ZK_BROKER, nodeId=0] Stopped socket server request processors (kafka.network.SocketServer)
[2025-05-03 11:34:28,155] INFO [data-plane Kafka Request Handler on Broker 0], shutting down (kafka.server.KafkaRequestHandlerPool)
[2025-05-03 11:34:28,156] INFO [data-plane Kafka Request Handler on Broker 0], shut down completely (kafka.server.KafkaRequestHandlerPool)
[2025-05-03 11:34:28,157] INFO [ExpirationReaper-0-AlterAcls]: Shutting down (kafka.server.DelayedOperationPurgatory$ExpiredOperationReaper)
[2025-05-03 11:34:28,342] INFO [ExpirationReaper-0-AlterAcls]: Stopped (kafka.server.DelayedOperationPurgatory$ExpiredOperationReaper)
[2025-05-03 11:34:28,343] INFO [ExpirationReaper-0-AlterAcls]: Shutdown completed (kafka.server.DelayedOperationPurgatory$ExpiredOperationReaper)
[2025-05-03 11:34:28,343] INFO [KafkaApi-0] Shutdown complete. (kafka.server.KafkaApis)
[2025-05-03 11:34:28,344] INFO [ExpirationReaper-0-topic]: Shutting down (kafka.server.DelayedOperationPurgatory$ExpiredOperationReaper)
[2025-05-03 11:34:28,464] WARN Session 0x100001099510000 for sever localhost/127.0.0.1:2181, Closing socket connection. Attempting reconnect except it is a SessionExpiredException. (org.apache.zookeeper.ClientCnxn)
EndOfStreamException: Unable to read additional data from server sessionid 0x100001099510000, likely server has closed socket
	at org.apache.zookeeper.ClientCnxnSocketNIO.doIO(ClientCnxnSocketNIO.java:77)
	at org.apache.zookeeper.ClientCnxnSocketNIO.doTransport(ClientCnxnSocketNIO.java:350)
	at org.apache.zookeeper.ClientCnxn$SendThread.run(ClientCnxn.java:1290)
[2025-05-03 11:34:28,542] INFO [ExpirationReaper-0-topic]: Stopped (kafka.server.DelayedOperationPurgatory$ExpiredOperationReaper)
[2025-05-03 11:34:28,543] INFO [ExpirationReaper-0-topic]: Shutdown completed (kafka.server.DelayedOperationPurgatory$ExpiredOperationReaper)
[2025-05-03 11:34:28,544] INFO [TransactionCoordinator id=0] Shutting down. (kafka.coordinator.transaction.TransactionCoordinator)
[2025-05-03 11:34:28,544] INFO [Transaction State Manager 0]: Shutdown complete (kafka.coordinator.transaction.TransactionStateManager)
[2025-05-03 11:34:28,544] INFO [Transaction Marker Channel Manager 0]: Shutting down (kafka.coordinator.transaction.TransactionMarkerChannelManager)
[2025-05-03 11:34:28,544] INFO [Transaction Marker Channel Manager 0]: Stopped (kafka.coordinator.transaction.TransactionMarkerChannelManager)
[2025-05-03 11:34:28,544] INFO [Transaction Marker Channel Manager 0]: Shutdown completed (kafka.coordinator.transaction.TransactionMarkerChannelManager)
[2025-05-03 11:34:28,544] INFO [TransactionCoordinator id=0] Shutdown complete. (kafka.coordinator.transaction.TransactionCoordinator)
[2025-05-03 11:34:28,545] INFO [GroupCoordinator 0]: Shutting down. (kafka.coordinator.group.GroupCoordinator)
[2025-05-03 11:34:28,545] INFO [ExpirationReaper-0-Heartbeat]: Shutting down (kafka.server.DelayedOperationPurgatory$ExpiredOperationReaper)
[2025-05-03 11:34:28,605] INFO [ExpirationReaper-0-Heartbeat]: Stopped (kafka.server.DelayedOperationPurgatory$ExpiredOperationReaper)
[2025-05-03 11:34:28,605] INFO [ExpirationReaper-0-Heartbeat]: Shutdown completed (kafka.server.DelayedOperationPurgatory$ExpiredOperationReaper)
[2025-05-03 11:34:28,605] INFO [ExpirationReaper-0-Rebalance]: Shutting down (kafka.server.DelayedOperationPurgatory$ExpiredOperationReaper)
[2025-05-03 11:34:28,743] INFO [ExpirationReaper-0-Rebalance]: Stopped (kafka.server.DelayedOperationPurgatory$ExpiredOperationReaper)
[2025-05-03 11:34:28,743] INFO [ExpirationReaper-0-Rebalance]: Shutdown completed (kafka.server.DelayedOperationPurgatory$ExpiredOperationReaper)
[2025-05-03 11:34:28,744] INFO [GroupCoordinator 0]: Shutdown complete. (kafka.coordinator.group.GroupCoordinator)
[2025-05-03 11:34:28,745] INFO [ReplicaManager broker=0] Shutting down (kafka.server.ReplicaManager)
[2025-05-03 11:34:28,745] INFO [LogDirFailureHandler]: Shutting down (kafka.server.ReplicaManager$LogDirFailureHandler)
[2025-05-03 11:34:28,745] INFO [LogDirFailureHandler]: Stopped (kafka.server.ReplicaManager$LogDirFailureHandler)
[2025-05-03 11:34:28,745] INFO [LogDirFailureHandler]: Shutdown completed (kafka.server.ReplicaManager$LogDirFailureHandler)
[2025-05-03 11:34:28,745] INFO [ReplicaFetcherManager on broker 0] shutting down (kafka.server.ReplicaFetcherManager)
[2025-05-03 11:34:28,745] INFO [ReplicaFetcherManager on broker 0] shutdown completed (kafka.server.ReplicaFetcherManager)
[2025-05-03 11:34:28,746] INFO [ReplicaAlterLogDirsManager on broker 0] shutting down (kafka.server.ReplicaAlterLogDirsManager)
[2025-05-03 11:34:28,746] INFO [ReplicaAlterLogDirsManager on broker 0] shutdown completed (kafka.server.ReplicaAlterLogDirsManager)
[2025-05-03 11:34:28,746] INFO [ExpirationReaper-0-Fetch]: Shutting down (kafka.server.DelayedOperationPurgatory$ExpiredOperationReaper)
[2025-05-03 11:34:28,838] INFO [ExpirationReaper-0-Fetch]: Stopped (kafka.server.DelayedOperationPurgatory$ExpiredOperationReaper)
[2025-05-03 11:34:28,838] INFO [ExpirationReaper-0-Fetch]: Shutdown completed (kafka.server.DelayedOperationPurgatory$ExpiredOperationReaper)
[2025-05-03 11:34:28,839] INFO [ExpirationReaper-0-Produce]: Shutting down (kafka.server.DelayedOperationPurgatory$ExpiredOperationReaper)
[2025-05-03 11:34:28,943] INFO [ExpirationReaper-0-Produce]: Stopped (kafka.server.DelayedOperationPurgatory$ExpiredOperationReaper)
[2025-05-03 11:34:28,943] INFO [ExpirationReaper-0-Produce]: Shutdown completed (kafka.server.DelayedOperationPurgatory$ExpiredOperationReaper)
[2025-05-03 11:34:28,943] INFO [ExpirationReaper-0-DeleteRecords]: Shutting down (kafka.server.DelayedOperationPurgatory$ExpiredOperationReaper)
[2025-05-03 11:34:28,944] INFO [ExpirationReaper-0-DeleteRecords]: Stopped (kafka.server.DelayedOperationPurgatory$ExpiredOperationReaper)
[2025-05-03 11:34:28,944] INFO [ExpirationReaper-0-DeleteRecords]: Shutdown completed (kafka.server.DelayedOperationPurgatory$ExpiredOperationReaper)
[2025-05-03 11:34:28,944] INFO [ExpirationReaper-0-ElectLeader]: Shutting down (kafka.server.DelayedOperationPurgatory$ExpiredOperationReaper)
[2025-05-03 11:34:29,143] INFO [ExpirationReaper-0-ElectLeader]: Stopped (kafka.server.DelayedOperationPurgatory$ExpiredOperationReaper)
[2025-05-03 11:34:29,143] INFO [ExpirationReaper-0-ElectLeader]: Shutdown completed (kafka.server.DelayedOperationPurgatory$ExpiredOperationReaper)
[2025-05-03 11:34:29,155] INFO [ReplicaManager broker=0] Shut down completely (kafka.server.ReplicaManager)
[2025-05-03 11:34:29,155] INFO [BrokerToControllerChannelManager broker=0 name=alterIsr]: Shutting down (kafka.server.BrokerToControllerRequestThread)
[2025-05-03 11:34:29,155] INFO [BrokerToControllerChannelManager broker=0 name=alterIsr]: Stopped (kafka.server.BrokerToControllerRequestThread)
[2025-05-03 11:34:29,155] INFO [BrokerToControllerChannelManager broker=0 name=alterIsr]: Shutdown completed (kafka.server.BrokerToControllerRequestThread)
[2025-05-03 11:34:29,156] INFO Broker to controller channel manager for alterIsr shutdown (kafka.server.BrokerToControllerChannelManagerImpl)
[2025-05-03 11:34:29,156] INFO [BrokerToControllerChannelManager broker=0 name=forwarding]: Shutting down (kafka.server.BrokerToControllerRequestThread)
[2025-05-03 11:34:29,156] INFO [BrokerToControllerChannelManager broker=0 name=forwarding]: Stopped (kafka.server.BrokerToControllerRequestThread)
[2025-05-03 11:34:29,156] INFO [BrokerToControllerChannelManager broker=0 name=forwarding]: Shutdown completed (kafka.server.BrokerToControllerRequestThread)
[2025-05-03 11:34:29,156] INFO Broker to controller channel manager for forwarding shutdown (kafka.server.BrokerToControllerChannelManagerImpl)
[2025-05-03 11:34:29,156] INFO Shutting down. (kafka.log.LogManager)
[2025-05-03 11:34:29,185] INFO [ProducerStateManager partition=cardio_topic-0] Wrote producer snapshot at offset 8947 with 0 producer ids in 3 ms. (kafka.log.ProducerStateManager)
[2025-05-03 11:34:29,191] INFO [ProducerStateManager partition=cardio_topic_alert-0] Wrote producer snapshot at offset 3191 with 0 producer ids in 2 ms. (kafka.log.ProducerStateManager)
[2025-05-03 11:34:29,209] INFO [ProducerStateManager partition=__consumer_offsets-36] Wrote producer snapshot at offset 1247 with 0 producer ids in 1 ms. (kafka.log.ProducerStateManager)
[2025-05-03 11:34:29,219] INFO [ProducerStateManager partition=__consumer_offsets-20] Wrote producer snapshot at offset 1414 with 0 producer ids in 1 ms. (kafka.log.ProducerStateManager)
[2025-05-03 11:34:29,228] INFO [ProducerStateManager partition=stroke_topic-0] Wrote producer snapshot at offset 2492 with 0 producer ids in 2 ms. (kafka.log.ProducerStateManager)
[2025-05-03 11:34:29,234] INFO [ProducerStateManager partition=heart_topic_alert-0] Wrote producer snapshot at offset 626 with 0 producer ids in 1 ms. (kafka.log.ProducerStateManager)
[2025-05-03 11:34:29,239] INFO [ProducerStateManager partition=__consumer_offsets-42] Wrote producer snapshot at offset 1061 with 0 producer ids in 1 ms. (kafka.log.ProducerStateManager)
[2025-05-03 11:34:29,249] INFO [ProducerStateManager partition=heart_topic-0] Wrote producer snapshot at offset 528 with 0 producer ids in 2 ms. (kafka.log.ProducerStateManager)
[2025-05-03 11:34:29,261] INFO Shutdown complete. (kafka.log.LogManager)
[2025-05-03 11:34:29,265] INFO [feature-zk-node-event-process-thread]: Shutting down (kafka.server.FinalizedFeatureChangeListener$ChangeNotificationProcessorThread)
[2025-05-03 11:34:29,266] INFO [feature-zk-node-event-process-thread]: Stopped (kafka.server.FinalizedFeatureChangeListener$ChangeNotificationProcessorThread)
[2025-05-03 11:34:29,266] INFO [feature-zk-node-event-process-thread]: Shutdown completed (kafka.server.FinalizedFeatureChangeListener$ChangeNotificationProcessorThread)
[2025-05-03 11:34:29,266] INFO [ZooKeeperClient Kafka server] Closing. (kafka.zookeeper.ZooKeeperClient)
[2025-05-03 11:34:30,477] INFO Opening socket connection to server localhost/127.0.0.1:2181. (org.apache.zookeeper.ClientCnxn)
[2025-05-03 11:34:30,477] INFO SASL config status: Will not attempt to authenticate using SASL (unknown error) (org.apache.zookeeper.ClientCnxn)
[2025-05-03 11:34:30,477] WARN An exception was thrown while closing send thread for session 0x100001099510000. (org.apache.zookeeper.ClientCnxn)
java.net.ConnectException: Connection refused
	at sun.nio.ch.SocketChannelImpl.checkConnect(Native Method)
	at sun.nio.ch.SocketChannelImpl.finishConnect(SocketChannelImpl.java:717)
	at org.apache.zookeeper.ClientCnxnSocketNIO.doTransport(ClientCnxnSocketNIO.java:344)
	at org.apache.zookeeper.ClientCnxn$SendThread.run(ClientCnxn.java:1290)
[2025-05-03 11:34:30,586] INFO Session: 0x100001099510000 closed (org.apache.zookeeper.ZooKeeper)
[2025-05-03 11:34:30,586] INFO EventThread shut down for session: 0x100001099510000 (org.apache.zookeeper.ClientCnxn)
[2025-05-03 11:34:30,586] INFO [ZooKeeperClient Kafka server] Closed. (kafka.zookeeper.ZooKeeperClient)
[2025-05-03 11:34:30,586] INFO [ThrottledChannelReaper-Fetch]: Shutting down (kafka.server.ClientQuotaManager$ThrottledChannelReaper)
[2025-05-03 11:34:31,451] INFO [ThrottledChannelReaper-Fetch]: Stopped (kafka.server.ClientQuotaManager$ThrottledChannelReaper)
[2025-05-03 11:34:31,451] INFO [ThrottledChannelReaper-Fetch]: Shutdown completed (kafka.server.ClientQuotaManager$ThrottledChannelReaper)
[2025-05-03 11:34:31,451] INFO [ThrottledChannelReaper-Produce]: Shutting down (kafka.server.ClientQuotaManager$ThrottledChannelReaper)
[2025-05-03 11:34:31,520] INFO [ThrottledChannelReaper-Produce]: Stopped (kafka.server.ClientQuotaManager$ThrottledChannelReaper)
[2025-05-03 11:34:31,520] INFO [ThrottledChannelReaper-Produce]: Shutdown completed (kafka.server.ClientQuotaManager$ThrottledChannelReaper)
[2025-05-03 11:34:31,520] INFO [ThrottledChannelReaper-Request]: Shutting down (kafka.server.ClientQuotaManager$ThrottledChannelReaper)
[2025-05-03 11:34:32,500] INFO [ThrottledChannelReaper-Request]: Stopped (kafka.server.ClientQuotaManager$ThrottledChannelReaper)
[2025-05-03 11:34:32,500] INFO [ThrottledChannelReaper-Request]: Shutdown completed (kafka.server.ClientQuotaManager$ThrottledChannelReaper)
[2025-05-03 11:34:32,500] INFO [ThrottledChannelReaper-ControllerMutation]: Shutting down (kafka.server.ClientQuotaManager$ThrottledChannelReaper)
[2025-05-03 11:34:32,523] INFO [ThrottledChannelReaper-ControllerMutation]: Stopped (kafka.server.ClientQuotaManager$ThrottledChannelReaper)
[2025-05-03 11:34:32,523] INFO [ThrottledChannelReaper-ControllerMutation]: Shutdown completed (kafka.server.ClientQuotaManager$ThrottledChannelReaper)
[2025-05-03 11:34:32,524] INFO [SocketServer listenerType=ZK_BROKER, nodeId=0] Shutting down socket server (kafka.network.SocketServer)
[2025-05-03 11:34:32,530] INFO [SocketServer listenerType=ZK_BROKER, nodeId=0] Shutdown completed (kafka.network.SocketServer)
[2025-05-03 11:34:32,530] INFO Metrics scheduler closed (org.apache.kafka.common.metrics.Metrics)
[2025-05-03 11:34:32,531] INFO Closing reporter org.apache.kafka.common.metrics.JmxReporter (org.apache.kafka.common.metrics.Metrics)
[2025-05-03 11:34:32,531] INFO Metrics reporters closed (org.apache.kafka.common.metrics.Metrics)
[2025-05-03 11:34:32,532] INFO Broker and topic stats closed (kafka.server.BrokerTopicStats)
[2025-05-03 11:34:32,532] INFO App info kafka.server for 0 unregistered (org.apache.kafka.common.utils.AppInfoParser)
[2025-05-03 11:34:32,532] INFO [KafkaServer id=0] shut down completed (kafka.server.KafkaServer)
